<?xml version="1.0" encoding="UTF-8"?>
<!-- Generated by org.testng.reporters.JUnitReportReporter -->
<testsuite hostname="prashant" failures="0" tests="3" name="testNG.paramerization.DataProviderWithExcel" time="19.135" errors="0" timestamp="2024-03-01T17:50:48 IST" skipped="0">
  <testcase classname="testNG.paramerization.DataProviderWithExcel" name="verifyGoogleSearch" time="9.153"/>
  <testcase classname="testNG.paramerization.DataProviderWithExcel" name="verifyGoogleSearch" time="6.725"/>
  <testcase classname="testNG.paramerization.DataProviderWithExcel" name="verifyGoogleSearch" time="3.257"/>
</testsuite> <!-- testNG.paramerization.DataProviderWithExcel -->
