<?xml version="1.0" encoding="UTF-8"?>
<!-- Generated by org.testng.reporters.JUnitReportReporter -->
<testsuite hostname="prashant" failures="0" tests="2" name="testNG.paramerization.WithParameterization" time="4.926" errors="0" timestamp="2024-03-01T17:42:43 IST" skipped="0">
  <testcase classname="testNG.paramerization.WithParameterization" name="beforeMethodTestDemo" time="1.326"/>
  <testcase classname="testNG.paramerization.WithParameterization" name="verifyGoogleSearch" time="3.600"/>
</testsuite> <!-- testNG.paramerization.WithParameterization -->
