<?xml version="1.0" encoding="UTF-8"?>
<!-- Generated by org.testng.reporters.JUnitReportReporter -->
<testsuite hostname="prashant" failures="0" tests="3" name="testNG.paramerization.NormalDataProvider" time="20.445" errors="0" timestamp="2024-03-01T17:50:48 IST" skipped="0">
  <testcase classname="testNG.paramerization.NormalDataProvider" name="verifyGoogleSearch" time="13.015"/>
  <testcase classname="testNG.paramerization.NormalDataProvider" name="verifyGoogleSearch" time="4.944"/>
  <testcase classname="testNG.paramerization.NormalDataProvider" name="verifyGoogleSearch" time="2.486"/>
</testsuite> <!-- testNG.paramerization.NormalDataProvider -->
